# JRE version: Java(TM) SE Runtime Environment (19.0.1+10) (build 19.0.1+10-21)
# Java VM: Java HotSpot(TM) 64-Bit Server VM (19.0.1+10-21, mixed mode, sharing, tiered, compressed oops, compressed class ptrs, g1 gc, windows-amd64)
GC Precious Log:
 CardTable entry size: 512
 Card Set container configuration: InlinePtr #cards 4 size 8 Array Of Cards #cards 32 size 80 Howl #buckets 8 coarsen threshold 7372 Howl Bitmap #cards 1024 size 144 coarsen threshold 921 Card regions per heap region 1 cards per card region 8192
 CPUs: 8 total, 8 available
 Memory: 6090M
 Large Page Support: Disabled
 NUMA Support: Disabled
 Compressed Oops: Enabled (Zero based)
 Heap Region Size: 4M
 Heap Min Capacity: 8M
 Heap Initial Capacity: 96M
 Heap Max Capacity: 8G
 Pre-touch: Disabled
 Parallel Workers: 8
 Concurrent Workers: 2
 Concurrent Refinement Workers: 8
 Periodic GC: Disabled
Heap:
 garbage-first heap   total 98304K, used 39338K [0x0000000600000000, 0x0000000800000000)
  region size 4096K, 4 young (16384K), 1 survivors (4096K)
 Metaspace       used 32263K, committed 33152K, reserved 1114112K
  class space    used 4497K, committed 4992K, reserved 1048576K
GC Heap History (14 events):
Event: 5.634 GC heap before
{Heap before GC invocations=0 (full 0):
 garbage-first heap   total 98304K, used 20480K [0x0000000600000000, 0x0000000800000000)
  region size 4096K, 5 young (20480K), 0 survivors (0K)
 Metaspace       used 887K, committed 1024K, reserved 1114112K
  class space    used 64K, committed 128K, reserved 1048576K
}
Event: 5.650 GC heap after
{Heap after GC invocations=1 (full 0):
 garbage-first heap   total 98304K, used 1536K [0x0000000600000000, 0x0000000800000000)
  region size 4096K, 1 young (4096K), 1 survivors (4096K)
 Metaspace       used 887K, committed 1024K, reserved 1114112K
  class space    used 64K, committed 128K, reserved 1048576K
}
Event: 12.505 GC heap before
{Heap before GC invocations=1 (full 0):
 garbage-first heap   total 98304K, used 38400K [0x0000000600000000, 0x0000000800000000)
  region size 4096K, 10 young (40960K), 1 survivors (4096K)
 Metaspace       used 4340K, committed 4544K, reserved 1114112K
  class space    used 528K, committed 640K, reserved 1048576K
}
Event: 12.524 GC heap after
{Heap after GC invocations=2 (full 0):
 garbage-first heap   total 98304K, used 11536K [0x0000000600000000, 0x0000000800000000)
  region size 4096K, 2 young (8192K), 2 survivors (8192K)
 Metaspace       used 4340K, committed 4544K, reserved 1114112K
  class space    used 528K, committed 640K, reserved 1048576K
}
Event: 17.666 GC heap before
{Heap before GC invocations=2 (full 0):
 garbage-first heap   total 98304K, used 52496K [0x0000000600000000, 0x0000000800000000)
  region size 4096K, 12 young (49152K), 2 survivors (8192K)
 Metaspace       used 4425K, committed 4608K, reserved 1114112K
  class space    used 530K, committed 640K, reserved 1048576K
}
Event: 17.688 GC heap after
{Heap after GC invocations=3 (full 0):
 garbage-first heap   total 98304K, used 15609K [0x0000000600000000, 0x0000000800000000)
  region size 4096K, 1 young (4096K), 1 survivors (4096K)
 Metaspace       used 4425K, committed 4608K, reserved 1114112K
  class space    used 530K, committed 640K, reserved 1048576K
}
Event: 28.967 GC heap before
{Heap before GC invocations=3 (full 0):
 garbage-first heap   total 98304K, used 60665K [0x0000000600000000, 0x0000000800000000)
  region size 4096K, 12 young (49152K), 1 survivors (4096K)
 Metaspace       used 12576K, committed 12928K, reserved 1114112K
  class space    used 1626K, committed 1792K, reserved 1048576K
}
Event: 28.983 GC heap after
{Heap after GC invocations=4 (full 0):
 garbage-first heap   total 98304K, used 20126K [0x0000000600000000, 0x0000000800000000)
  region size 4096K, 2 young (8192K), 2 survivors (8192K)
 Metaspace       used 12576K, committed 12928K, reserved 1114112K
  class space    used 1626K, committed 1792K, reserved 1048576K
}
Event: 32.132 GC heap before
{Heap before GC invocations=4 (full 0):
 garbage-first heap   total 98304K, used 61086K [0x0000000600000000, 0x0000000800000000)
  region size 4096K, 12 young (49152K), 2 survivors (8192K)
 Metaspace       used 18743K, committed 19328K, reserved 1114112K
  class space    used 2577K, committed 2880K, reserved 1048576K
}
Event: 32.145 GC heap after
{Heap after GC invocations=5 (full 0):
 garbage-first heap   total 98304K, used 22624K [0x0000000600000000, 0x0000000800000000)
  region size 4096K, 2 young (8192K), 2 survivors (8192K)
 Metaspace       used 18743K, committed 19328K, reserved 1114112K
  class space    used 2577K, committed 2880K, reserved 1048576K
}
Event: 33.377 GC heap before
{Heap before GC invocations=5 (full 0):
 garbage-first heap   total 98304K, used 39008K [0x0000000600000000, 0x0000000800000000)
  region size 4096K, 7 young (28672K), 2 survivors (8192K)
 Metaspace       used 20865K, committed 21504K, reserved 1114112K
  class space    used 2949K, committed 3264K, reserved 1048576K
}
Event: 33.398 GC heap after
{Heap after GC invocations=6 (full 0):
 garbage-first heap   total 98304K, used 23772K [0x0000000600000000, 0x0000000800000000)
  region size 4096K, 1 young (4096K), 1 survivors (4096K)
 Metaspace       used 20865K, committed 21504K, reserved 1114112K
  class space    used 2949K, committed 3264K, reserved 1048576K
}
Event: 38.832 GC heap before
{Heap before GC invocations=7 (full 0):
 garbage-first heap   total 98304K, used 64732K [0x0000000600000000, 0x0000000800000000)
  region size 4096K, 12 young (49152K), 1 survivors (4096K)
 Metaspace       used 26630K, committed 27584K, reserved 1114112K
  class space    used 3809K, committed 4288K, reserved 1048576K
}
Event: 38.840 GC heap after
{Heap after GC invocations=8 (full 0):
 garbage-first heap   total 98304K, used 28018K [0x0000000600000000, 0x0000000800000000)
  region size 4096K, 2 young (8192K), 2 survivors (8192K)
 Metaspace       used 26630K, committed 27584K, reserved 1114112K
  class space    used 3809K, committed 4288K, reserved 1048576K
}

